===========================================================
astah_uml.log
date: 13 December 2023 14:59:34 WEST
ver: UML 9.1.0 / 448a59
java ver: 1.8.0_372
java vendor: Temurin
os name: Windows 10
os ver: 10.0
look and feel: FlatLaf Light
system scale: 150,00%
===========================================================
----------------------------------------------------------
                   System Properties                      
----------------------------------------------------------

java.runtime.name=OpenJDK Runtime Environment
sun.boot.library.path=C:\Program Files\astah-UML\jre\bin
java.vm.version=25.372-b07
sun.java2d.d3d=false
java.vm.vendor=Temurin
java.vendor.url=https://adoptium.net/
path.separator=;
java.vm.name=OpenJDK 64-Bit Server VM
file.encoding.pkg=sun.io
user.country=FR
user.script=
sun.java.launcher=SUN_STANDARD
sun.os.patch.level=
java.vm.specification.name=Java Virtual Machine Specification
user.dir=C:\Program Files\astah-UML
java.runtime.version=1.8.0_372-b07
java.awt.graphicsenv=sun.awt.Win32GraphicsEnvironment
java.endorsed.dirs=C:\Program Files\astah-UML\jre\lib\endorsed
os.arch=amd64
java.io.tmpdir=C:\Users\NISSRIN\AppData\Local\Temp\
line.separator=

java.vm.specification.vendor=Oracle Corporation
user.variant=
os.name=Windows 10
sun.jnu.encoding=Cp1252
java.library.path=lib\rlm
sun.awt.enableExtraMouseButtons=true
java.specification.name=Java Platform API Specification
java.class.version=52.0
sun.management.compiler=HotSpot 64-Bit Tiered Compilers
os.version=10.0
user.home=C:\Users\NISSRIN
user.timezone=Africa/Casablanca
java.awt.printerjob=sun.awt.windows.WPrinterJob
file.encoding=Cp1252
java.specification.version=1.8
java.class.path=C:\Program Files\astah-UML\astah-uml.jar
user.name=NISSRIN
java.vm.specification.version=1.8
sun.java.command=C:\Program Files\astah-UML\astah-uml.jar
java.home=C:\Program Files\astah-UML\jre
sun.arch.data.model=64
user.language=fr
java.specification.vendor=Oracle Corporation
awt.toolkit=sun.awt.windows.WToolkit
java.vm.info=mixed mode
astah.plugin.enabled=true
java.version=1.8.0_372
java.ext.dirs=C:\Program Files\astah-UML\jre\lib\ext;C:\Windows\Sun\Java\lib\ext
sun.boot.class.path=C:\Program Files\astah-UML\jre\lib\resources.jar;C:\Program Files\astah-UML\jre\lib\rt.jar;C:\Program Files\astah-UML\jre\lib\sunrsasign.jar;C:\Program Files\astah-UML\jre\lib\jsse.jar;C:\Program Files\astah-UML\jre\lib\jce.jar;C:\Program Files\astah-UML\jre\lib\charsets.jar;C:\Program Files\astah-UML\jre\lib\jfr.jar;C:\Program Files\astah-UML\jre\classes
java.vendor=Temurin
java.specification.maintenance.version=4
astah.edition=uml
file.separator=\
java.vendor.url.bug=https://github.com/adoptium/adoptium-support/issues
sun.io.unicode.encoding=UnicodeLittle
sun.cpu.endian=little
sun.desktop=windows
sun.cpu.isalist=amd64

----------------------------------------------------------
LN = -
----------------------------------------------------------


----------------------------------------------------------
                   Plugin Infos                      
----------------------------------------------------------

org.apache.felix.framework (4.0.3) "System Bundle" [] [ACTIVE:Enable]
com.change_vision.astah.extension.plugin.script (2.1.0) "Script Plugin" [7.2 - pro,uml,safety] [INSTALLED:Enable]
